
> qzapi@1.0.0 start /home/janesummer/myshare/sincere-hire-back-end
> node ./module/app.js

开启成功：http://localhost:8888

> qzapi@1.0.0 start /home/janesummer/myshare/sincere-hire-back-end
> node ./module/app.js

开启成功：http://localhost:8888

> qzapi@1.0.0 start /home/janesummer/myshare/sincere-hire-back-end
> node ./module/app.js

开启成功：http://localhost:8888
{"session_key":"nR\/FyRW2Gc4c5U5zZWh7EA==","openid":"o3yoo42AkF6cJkr1V_gi1mSIXA-s"}
fr/si06WBnqSMFUFG+M0sHU/Yndga5eAQ8ccuqakX4xHwRUkW6vcOYN9xIkc9VH/j+tFYTwyVTx/8DeMmqYJNrIL7E0zlC4ie5kloDRlHhkeBwD8We5R7iIrPlb+NzkcNTXR6/1X0mH8E9XMdm8+ZrJPtzc3ZtNlYNyMO8Eczs5bMuqbs//IFMS3zcTH3PWO+WdmtB67CujCMpEfvjO5tbYtfx/GweJKxRFPYg99/AtEpI+iKW9Y8y7r3hAXqGWJSk302Lb5O7VnX0hYlCipLbC5je6TNNoT12TJIUUOI45ESySUjNipe1KzwPj9ghOcJz1aDt8kJvZsyrCZtBJ5DT12oB+c5UkLnIN4YEed//TXe8o4vTt3CgwI/7dWJt6g5A1EUv2DNBGjmpUxfFF999XVKnNO9sr3gKhtPTVHoniIGQbtMF9MRIIBV7NBc6r9xBePiqBcmvAerpRkCTw6jvBmTVtVX4OviWCeU5XLoW8dknrfPSIHJW0nkj06GmFqO5SOUWrUBThL6XtjGIhBvg==
请求参数： [ undefined ]
(node:1637) [DEP0005] DeprecationWarning: Buffer() is deprecated due to security and usability issues. Please use the Buffer.alloc(), Buffer.allocUnsafe(), or Buffer.from() methods instead.
ER_BAD_NULL_ERROR: Column 'unionid' cannot be null
{
  code: 'error',
  data: "ER_BAD_NULL_ERROR: Column 'unionid' cannot be null"
}
{"session_key":"5tNiKcCCKG0v6Un6yjOWjQ==","openid":"o3yoo42saxOs9w6wMClhJQFpRzfE"}
ST2OeaIvy4yY9MYJ15t3Fl0P9OU4agE+d9EIpKF431bUCXZqJhtiZpRk4f7kG4kzF02utYjff5gnS+8Jo7HNI+kYMJNsaHgrA4heWdrPYzCYgvOD4Kr9urnw5B7xg55Q4KPyZtpQc9zBp03pZ/Q+EZXUUrR3smlMNQhT+OKZj8hJXK4J6islgY3JDk1exqvQTCl4oGuSPbN8anlQUapI0iQIgO0cI4nAK6gvC1iOx4soRDIjhXa0wHOU5WCv1O5rCSDSHpdo5iDEqZo93C1KjKKYsVt5YVCfMdrsnflfwFhVjAZ7vc2jXf5z1EEwFjuovtrY9YhKuAqaAKPgbsYiIx5VHzsPibIykpygpsD8ka5Ln04LShlS2co+z8/UXJm8SL46OfcfjEKcVjsBm6StCeWWoCHeK2aukRF9Hv/Xm6FbKqwVJou44dlkwZXqVav3+QkCOmadzB3XV5aSZOTm0pW80ULlC/513OaD1edsrRd56J/prJ0Gryn1t62avBx/9QaOzvixclgIoC0dOx54dg==
请求参数： [ undefined ]
ER_BAD_NULL_ERROR: Column 'unionid' cannot be null
{
  code: 'error',
  data: "ER_BAD_NULL_ERROR: Column 'unionid' cannot be null"
}
{"session_key":"5tNiKcCCKG0v6Un6yjOWjQ==","openid":"o3yoo42saxOs9w6wMClhJQFpRzfE"}
zRN1fzgY2gD5e+NW8C8XF6xMvBODrB0Qwwfcnv7kebn2Y9YRn30e0ykWbhYPlKQMcElYNGF6H/qhmB20N4wDCoNvjs+KLJRORe9vS8gbNZsKhAAcOpMaiJUWJndvBRb1e0a3NNUOp/yXV1b6eIgv2AELrR3hXPb2TT3vBhYrtdoHNmK79ozYmsAVe9bMlhP/P4ZLAUXnpBAK6TLgIUq+kt4SVDIPhdIg2WjfI2VVma9T0hN1oUNBY74EVw80B76q9AcPgDh2GENdMLxaeEQmvrLqQaCv36GMXeWKsaovINunD3E1e8kvfKt4zz/JJVE6o0PkrLVN0XAjnvB717qycXGRYJA3Anz/CkR4Qmmrf1JjvBgOMOQklZKPCs8etkIUIhXBmDITjZFafF5TdxSl5VG8JxHpKfxo4o5Ca0D8j5bGzDTUKJ1rUVffcbatsHSlwzWQg9i19eKnBPCyvUm6S45OKAGBl07MfkNtNMBvGvgydyKEAjUpoTV3fH+BhNY8mi1aZkbouVn7xHnT0vNCbg==
请求参数： [ undefined ]
ER_BAD_NULL_ERROR: Column 'unionid' cannot be null
{
  code: 'error',
  data: "ER_BAD_NULL_ERROR: Column 'unionid' cannot be null"
}
{"session_key":"5tNiKcCCKG0v6Un6yjOWjQ==","openid":"o3yoo42saxOs9w6wMClhJQFpRzfE"}
b50pF+XvvAY4tIJCsLAcYP6DUyLrZBoyx8Fc67DQp8XcoY+zC0mz+G6CVdl2IciSRJ2I9gLEclBjad6uZCDgHikAsK5dri09v13Ps4m+szYL+nqMKzb21gxengnYqRkiLQlhLjK0Wm8MN/XJlAU6fjGB+5x295c7jp2P/n0Foem3reVW91Ww+MFoPx4P0GzFWLAQBYRgC4HifzYcX7V9m0/cmQHkPDYce5ToJXhrImlloG/eXIX92irngAlZVFcn6d186i6I44FKzK6VgY1TVZFHcHbUp0G7Gp2hkT2guoGuIiHKaH3G30GECOQZOuF07WJZ8wxYEhNXPopMtgh4qJKSMBHSEX9Nxbbri/kzHYPCnJkfRTSkM2e2Bp0oq5O6Oe6VNtrNsskWvNLifqVqctbYLphZCn4Mp8YtMBE79/eD/d5/+OWwodfwn8YV/7+Fp4LQIQDxoCkkDw/bMrKxEfzpZWCm62qkYG7IGAHTP2NlJ0S2TTfi+rWUoYj8kmI1CRo/UsLSZpx66J1He1Kv4w==
请求参数： [ undefined ]
ER_BAD_NULL_ERROR: Column 'unionid' cannot be null
{
  code: 'error',
  data: "ER_BAD_NULL_ERROR: Column 'unionid' cannot be null"
}
{"session_key":"5tNiKcCCKG0v6Un6yjOWjQ==","openid":"o3yoo42saxOs9w6wMClhJQFpRzfE"}
9xPOt1O389yjEH8m0F/2w70vdXahDbfNvmVQN+G6axPUjV37Q/+Xsrw7F1JFDD+0p92G2op02D8O3wGlTxUpwMv3NLKo+rB5Uv+6w/b4F2LKYqEg4S8SFYwPXbGty+qcmA2VK6VQbl/SH3nM1pztIsKZp/I5hDfPDsbmBkXraTbVBem+H9YWzOXY1zEF4naTdPdVqgiGNLrXjd0fPJq4tTU0n3ZkWTJgrx7V+iYfbjRFrpLk/DRduBE5R1VB4KqtAhBPYP8Hvdwq/hSwthEbfIlX9BBzZIxTcYauhXtMgMAEkbZF3ay0tqN6302nO75PDCOpjNh84/gTO4AQSZNWpk16sh3DnYmvDsBmgGcKckMvMqFctttHIx8vsrX4S74OZ5Tn7ZaICGc9WTUPnlB1mXDOjQZv/1O9J2YJJLvXiFP4w3rocUOjIv1sw4zyiRnyzfSHUT7TrZ0T0I25OcowZFA6R9IIGxA5Zj6SmHFi4TBDvlI6EyL/8Cyp/HoJoJYclsbwnhEHMm3q2UQhY1Gz6Q==
请求参数： [ undefined ]
ER_BAD_NULL_ERROR: Column 'unionid' cannot be null
{
  code: 'error',
  data: "ER_BAD_NULL_ERROR: Column 'unionid' cannot be null"
}
{"session_key":"5tNiKcCCKG0v6Un6yjOWjQ==","openid":"o3yoo42saxOs9w6wMClhJQFpRzfE"}
ERBG3OrhMh+2xmkX8hLXYcae3hrkDjcQLC5U/SPy4vXZ+X9BHIJNcGZJfnn3fg77MI81/JDVoDvfeTXjCKLi4h8gCR1Nw6colG/0eGftDR1/KtbFv0cPsYhMXBZYj/1CGTdzaZkO8GEcHvgRB1gHPnq8INAtmzhdwd3jGw36OISZFssjfbYyI4Yley5m2uMAv4Na4fS4lUxP1MkS8dxV/jcx5xB6KSO87ReRcIe2qXhL1IqCFIVCr6AZ8zthgjZLPi42JGdf68BR+jhe1sJhg2VDZKZqL7ZmyTrrOJ7yNj9H65t5dkZr8+MXKL+WohudKzQsaBd2ODPkf+4qsRnzNHhQzTiUitPjB+XvTZZp7cKpc+NlALxIXiCmsBaXWEKtGyeP4nBhqhsZuPNFeWHxlWlHnvwLsGcFQlE2CmBgzvyO5qG1prvOx2WAscxcUcP12FbUTxfdD3QC4wvjia3Hror9t5SrYkNBKACu1heH/F3L/PIU2uOMhxJS7jFqUHrH94PB7QL8CM+ZafnBpEmJFw==
请求参数： [ undefined ]
ER_BAD_NULL_ERROR: Column 'unionid' cannot be null
{
  code: 'error',
  data: "ER_BAD_NULL_ERROR: Column 'unionid' cannot be null"
}
{"session_key":"VweuXJqnaGuCtW+pT\/hvfg==","openid":"o3yoo42AkF6cJkr1V_gi1mSIXA-s"}
hQ5FoTSp9pXl5eXVM03FtaD3ZyZjRtsDtptg9+Ki1er3v7sP6DUpBKHpniT+6hYHJ+n2pPIL/NUF3pn58xxkUZKuJ7DrIOPZ5RnAD0qzgUjZNBIHbMmFuD3ecKON/XIoD/azZcrOdekfpQ/PQP9l4cmAJC8zo+0Tzyx5QaDFIgoc4HgIpJdS+mzuLJouXzAblNDR2maLiMADhSpthqU3SOs+v9S0imi+v5923urKS6xZe2LXo3VB5ODCtC8nI3KnbT2qBpqvXwnY7BF2nYyt2oL7vPCNZZ7D+LQQjjkNw2uImTnsTU5a8gsud2p0U5cQNWAvSlfJqiT9Tg5NtUkYgeoPs88Sl/jNSZ7ba1iosLTj9l59PqKZsZTllxKoRTd4Adru1u9eoyZsm/TBAePxS9w5+3M0AOvQDzWz8ehWv8erZh5wF3nl5HpiIyH1Kfvd9ks2QX7GmHwBMD90PbdahCH8DSMqalfWJj3+AdvRFRZgwyDTKxEzRKuJLg59aiKnBXuZEOdauO9nHdMM+eh4eQ==
请求参数： [ undefined ]
ER_BAD_NULL_ERROR: Column 'unionid' cannot be null
{
  code: 'error',
  data: "ER_BAD_NULL_ERROR: Column 'unionid' cannot be null"
}
{"session_key":"JON43hbDqOeRX2jGPf9ZDw==","openid":"o3yoo42AkF6cJkr1V_gi1mSIXA-s"}
89pNKDTyL1IOdJvu4xRZQmOD5UeLIBmzeXI8CFKd34cyYgRsGbcjjcwfjs3BxFXmBDYNtUDpRRs1wVtdykp2J2Fmjyb+h8uk1a3dRyPCvTr9CV6RcdCWfriCCva/eHg4dje1XIDHPziEMX/3Y0MAmufHaHX9x0O4icYVHv/qhjYKQLWJE8j57mAYgdvwInTMZdZrISjo2JWtgJeUbk/Z0KXyCaJ+bxHlDx7+NPjLYkX6uBFsy14tttRWN7mGE4ghXlHT52p792qAbVPzUFJ4XSnIHqkM7UvNTnuVW+fHsrBIWM8lysAm8ZS6qG6EFf/Fx8XXcXsV8dmdJdHWc+e13S90dvDg3lohqafCRtMbgdIglh3YG4FsRG+OKDgplgIMBReSzAxazlR+2J9LEudmQFSfAq30Wn2o/BrJfHCMVnzAZHxWocWotmu3/YEctwSCaQ1AksZBVzZ831PgLp9Z17Yv+OMCrN21J1nSB2lQHhlr7S5UnUaI+ResOAx3mI4QjwM6eLydw3MU5Tns62GvBA==
请求参数： [ undefined ]
ER_BAD_NULL_ERROR: Column 'unionid' cannot be null
{
  code: 'error',
  data: "ER_BAD_NULL_ERROR: Column 'unionid' cannot be null"
}

> qzapi@1.0.0 start /home/janesummer/myshare/sincere-hire-back-end
> node ./module/app.js

开启成功：http://localhost:8888
{"session_key":"y4eNEGO2KWHiZGsifpvjzQ==","openid":"o3yoo42AkF6cJkr1V_gi1mSIXA-s"}
Q0jA7NC93RxvdnMeB4zy/HFkf5ylqjCvBUMAQaDOk6y6V7ULNp98HxX/0aaAhy5jZZKS5BecnWJrbhLqXQ2CRN0G7sV+LvxWY1DbRv8bJK+4WRbxGge/PBqlDCk2mJPO/+DZuT3gGqk2jiS2xCL3UOBbKagmQhQaX41CkY9IAvG958b5i3lsoNK525cqoRiIfcmPjPkiudPVaWZvxS1r7iK1RqfNCTeW1e8A+1SlLX+lNtyeJ2pxQU6WqJY87S2lxv57lTQIJSAuaHhGXVtEXMGzf6N6RX+lL6TIocYM1/rSP/UUOoocNoHU/qhHx0M1uo96LMjKcXibPb8b78auIHzTTYqg04eRczKQI7klRh/O2PzRdOo3NKbar9bPJJufL0Ivnhl/JM7NgQaZQqdeb4BwNFQWJPdcgceMuEwSf6PSgWgIydZZC8FHV5Zz79rb7HX6FIzJbBeGYQY/wVBzNcBTZvQ1fhUmNDWTMM+hC+RGOz4gLTG3ufJ9neWgUjrwkl2yuTVWRMr6/bos0lQpcw==
请求参数： [ undefined ]
(node:2873) [DEP0005] DeprecationWarning: Buffer() is deprecated due to security and usability issues. Please use the Buffer.alloc(), Buffer.allocUnsafe(), or Buffer.from() methods instead.
ER_BAD_NULL_ERROR: Column 'unionid' cannot be null
{
  code: 'error',
  data: "ER_BAD_NULL_ERROR: Column 'unionid' cannot be null"
}

> qzapi@1.0.0 start /home/janesummer/myshare/sincere-hire-back-end
> node ./module/app.js

开启成功：http://localhost:8888
{"session_key":"RlObfFG45dGkvjByzOf0wg==","openid":"o3yoo42AkF6cJkr1V_gi1mSIXA-s"}
tQwRkqiMd/WjLrOlppTgrNdJCDWdZoNXEMgZSYgVyBDCgOpQ0ijZliSO0jlKz3HP1yvW/ygN5Gys1qwqL8uroMXIPcXMw4ndTyevkJWPTPIzoSpkvmGQTOjyHIrgiXdsGYtxUKwYU9KaAjeWDRMgfjQP+zL0F876hiRwSlXt4VF/jb4i2uBecERwHwn3ZucBr5MqOWKNTmWn50VPtmcUyjo9P9qfwKTgh06al29DedBZsSNYWh+sppwfEv02QTMSsv0pvgiWYlDN2BE49/SEwjgCXHnSaR5vy9pq01DM/r3sT/SweuKpgwNSNzNJNUWKbeidMXjLxt2zFhMr5D5UHWJnNYmhdUtemrT6BOtyo8+oJJKLWroe9gar8tZOki7NwYDedK2acmYGTtg031XVDau0Tt15vG9qf42WQPuWLdE9KVQFpDdlaV+xLkGwEv0pmYyDa//+pDcPwnYGdcZjIWhQfSNNl5ZUj48ylOf5Fyq7OT1n429xdQz2OniUdkAM/AzHjZBef764yP6kKEc8EQ==
解密后 data:  {
  openId: 'o3yoo42AkF6cJkr1V_gi1mSIXA-s',
  nickName: 'Janesummer',
  gender: 1,
  language: 'zh_CN',
  city: '',
  province: '',
  country: 'Iceland',
  avatarUrl: 'https://wx.qlogo.cn/mmopen/vi_32/Q0j4TwGTfTLiaQ5W1zyuIhaSTkh5kLKo1qvmuE2mXqdbvCqcHArjofcR5XAYQgTqzhwYfDDyicCELmvJQbZKE5oQ/132',
  unionId: 'onmaV07KFbndEt5JwBXCuIlc-cvo',
  watermark: { timestamp: 1579340333, appid: 'wx2bca6a5670f63aee' }
}
请求参数： [ undefined ]
(node:3323) [DEP0005] DeprecationWarning: Buffer() is deprecated due to security and usability issues. Please use the Buffer.alloc(), Buffer.allocUnsafe(), or Buffer.from() methods instead.
ER_BAD_NULL_ERROR: Column 'unionid' cannot be null
{
  code: 'error',
  data: "ER_BAD_NULL_ERROR: Column 'unionid' cannot be null"
}

> qzapi@1.0.0 start /home/janesummer/myshare/sincere-hire-back-end
> node ./module/app.js

开启成功：http://localhost:8888
{"session_key":"ra4tfTIL1fH3kDYHJxqtVw==","openid":"o3yoo42AkF6cJkr1V_gi1mSIXA-s"}
jYsk0G1ciAFusMdmk3D6iZXjksQodZeE1luCuq23uHIH0n+y29+eTdCoCQfDK4c9llGPNKFYI3sy0jCGe3/etQRRX79AyzT0lMujY70G7BDLN5LCmBrkGetVhDM3pdjtzsqO520NkQq6mzj/wbe1f7S8iYPkfTTbWIIyNDbtN+p61C3vHZnjIqPjElYL4m9HSHnKIzT1Axc5ClJHuzmGyFcdIxv791sEgXHTA5LROr3yRVW44cjZS4AH5AN96ensV+zAHODu6jzLtDik6txBdwaVbkswMTE2wtbYDxv6NBnE8b2XLcUu+x61aqkHrllVIbsK64yXZ8U155EISsykVDVExnX/FyXUtuhm7VsCkeb2M04eICLyAPHoKIKqg8ODB7tWFAfw4krJZiSC1ysGQbvgmmSnrxn0b+RQ8+O2ik/NzWwQGSJATSsa+DOR8PJq2Q33M3HJTHSO5MkmZRyIY9k+G20uRHeGiMx3gMSpz9x/k32CuHXW3WnjLgvxVp0pUmZGO+J5MM0uLwKE9OZgwg==
解密后 data:  {
  openId: 'o3yoo42AkF6cJkr1V_gi1mSIXA-s',
  nickName: 'Janesummer',
  gender: 1,
  language: 'zh_CN',
  city: '',
  province: '',
  country: 'Iceland',
  avatarUrl: 'https://wx.qlogo.cn/mmopen/vi_32/Q0j4TwGTfTLiaQ5W1zyuIhaSTkh5kLKo1qvmuE2mXqdbvCqcHArjofcR5XAYQgTqzhwYfDDyicCELmvJQbZKE5oQ/132',
  unionId: 'onmaV07KFbndEt5JwBXCuIlc-cvo',
  watermark: { timestamp: 1579340477, appid: 'wx2bca6a5670f63aee' }
}
请求参数： [ 'onmaV07KFbndEt5JwBXCuIlc-cvo' ]
(node:3710) [DEP0005] DeprecationWarning: Buffer() is deprecated due to security and usability issues. Please use the Buffer.alloc(), Buffer.allocUnsafe(), or Buffer.from() methods instead.
请求参数： [ 'onmaV07KFbndEt5JwBXCuIlc-cvo' ]
ER_DUP_ENTRY: Duplicate entry 'onmaV07KFbndEt5JwBXCuIlc-cvo' for key 'PRIMARY'
{
  code: 'error',
  data: "ER_DUP_ENTRY: Duplicate entry 'onmaV07KFbndEt5JwBXCuIlc-cvo' for key 'PRIMARY'"
}
{"session_key":"OHpm+xg7E4sW0sxokA47Ow==","openid":"o3yoo43mZhwcmPfpMlIcrJTPJtZg"}
Lk98VYqabD0DNpXtHSB+HmTPn/9SFCKriGYUQS8dcVt7CPp9UXOTAmVeAv0RYhzxxUoUc47mrOSOrLx1z1iD5TN8qYMVJEWXUHB80Gh4GmgrutNyFAzBFFR2tLUfcbaOs436aDQuyU7CuUhU8mWI3Idxhqn70STldrXawuGOoOXT4dPF/V0o1VB42T+X1P7AWwnhdls8cHeUlxrHFYezp4OJf6lBldPt8TtnP9QiMNZFMAKm2ycJypxDuVtVBqgz6akHPU1L1p3eie+c9aO5MHxbbHPdgmvnJfJN3Hy8YTOhe/5y5xDQPPSj4lSIb8EGeCtB9RZsu2MXsJyjQjzz8/8Z6JAuRbVtRr558IKQE2/NqN1X7txYyRfucK2ba9DhNhYFg6XgT9H28Y8VBAY7s0FBn+7PLqROieuTRksRtx1asjhiZY+3NAZNF9qVVn66fd0F9Jo3nPIMzcSGhvab/D4/ZSVuAPEFoa5O2BK2nsP9BRfsa2ktdDox6UGX4ojD
解密后 data:  {
  openId: 'o3yoo43mZhwcmPfpMlIcrJTPJtZg',
  nickName: '简夏',
  gender: 0,
  language: 'zh_CN',
  city: '',
  province: '',
  country: '',
  avatarUrl: 'https://wx.qlogo.cn/mmopen/vi_32/eU70pJ6bIDLDz7eEibmaTiaOtT5NzSQaaJCRtoKUjmnTSsk1ib7bFGibSM4vXCFhUnFic9IwPibGSucTX7AMYB6u0vBQ/132',
  unionId: 'onmaV0zqVcbRWLuWPylTFqpgbYk8',
  watermark: { timestamp: 1579340711, appid: 'wx2bca6a5670f63aee' }
}
请求参数： [ 'onmaV0zqVcbRWLuWPylTFqpgbYk8' ]
请求参数： [ 'onmaV0zqVcbRWLuWPylTFqpgbYk8' ]
ER_DUP_ENTRY: Duplicate entry 'onmaV0zqVcbRWLuWPylTFqpgbYk8' for key 'PRIMARY'
{
  code: 'error',
  data: "ER_DUP_ENTRY: Duplicate entry 'onmaV0zqVcbRWLuWPylTFqpgbYk8' for key 'PRIMARY'"
}
{"session_key":"vkbWC4826WoGXLeEU8zjYA==","openid":"o3yoo42saxOs9w6wMClhJQFpRzfE"}
AKsmZTVa3uHvuy+wdCb+u9gdJD+5VonuWdazK3pXpw901ct0ssVa52Ry5jUFry11JwgSx9XoOnUeYI9lUlMb0+ZG0KpniW6wI3+TRFXZK9/41H7qAAoo9LcrGiDloVtKKrZdYFyiI6Z6shID5RbWn0gSug9qtqtcawnMcPa5sgD1XXjXU0/VYlPaegnZMJBupRG0c8OjYy+Nqs6n+6AeiY3UiDqTkQy0aPMXZLkp8hXLYtyXLZ0h3lLJULe5X6MTNdv3V3acJ2iTfeWooqJoGkSTJLGyOWI+Auy+eaXm2gOSEqVsLENQbH4+VCHlkIhmrS1ta5rF428Uz85TaXPEl2bXfqK21lFSh3pGJUevmBYlvb5oQJ4u4akr7fr8aoB2bV5ErBN94jVRzAGhc/MQz3NIKxV6Q5JTc885J0nnwUfXvNU7O7d8IeygmT2mxPIRp9mkqVVleIsrle+l3MYtnIukB4WTS0FdOWQC6rwEYsoLdW7EaAKGX7GVmKHnFvTc1Rvta2DErHKxXSGjJsFZ8Q==
解密后 data:  {
  openId: 'o3yoo42saxOs9w6wMClhJQFpRzfE',
  nickName: '弦',
  gender: 2,
  language: 'zh_CN',
  city: 'Fuzhou',
  province: 'Fujian',
  country: 'China',
  avatarUrl: 'https://wx.qlogo.cn/mmopen/vi_32/Q0j4TwGTfTIPAzEIcearzCYYUSXiaLPOdVm1ClgkewjJRrickx7q2rKibQ31EXDzff671EVroCdvETk5wia4qncImA/132',
  unionId: 'onmaV09z1tYeenqhrhxU7ydeDC1A',
  watermark: { timestamp: 1579340821, appid: 'wx2bca6a5670f63aee' }
}
请求参数： [ 'onmaV09z1tYeenqhrhxU7ydeDC1A' ]
请求参数： [ 'onmaV09z1tYeenqhrhxU7ydeDC1A' ]
ER_DUP_ENTRY: Duplicate entry 'onmaV09z1tYeenqhrhxU7ydeDC1A' for key 'PRIMARY'
{
  code: 'error',
  data: "ER_DUP_ENTRY: Duplicate entry 'onmaV09z1tYeenqhrhxU7ydeDC1A' for key 'PRIMARY'"
}
请求参数： [ 'onmaV09z1tYeenqhrhxU7ydeDC1A' ]
ER_DUP_ENTRY: Duplicate entry 'onmaV09z1tYeenqhrhxU7ydeDC1A' for key 'PRIMARY'
{
  code: 'error',
  data: "ER_DUP_ENTRY: Duplicate entry 'onmaV09z1tYeenqhrhxU7ydeDC1A' for key 'PRIMARY'"
}
{"session_key":"vkbWC4826WoGXLeEU8zjYA==","openid":"o3yoo42saxOs9w6wMClhJQFpRzfE"}
evCxeuaF4sjwjMQDsz7+S0oV8NtZ+JukMaN56r0sLR/oX91P/Qk8ZkFVWquCi2dR5HgGL7mRpiRCEZc9pcv0yQhEaAUhRnGIAPpNQOyZpiphITBg0ioFLFT4rPiU2EOvHKbp6OR/U2XJJJfeUAwzJk/Fgy28SmoouB/35Qm3OsHb8PX8dIf8uRMumzX9Uj0+Jw3SlJNfPIepg4kniTH7PRo6Ulqi8/cV2+DG6OHHPJw0UANC+hXK89zxtrZCI33q2Ot51PUvaw3NpkdiziXAbTBD2AKAMDWtDolulgWwvLq42+nTOLSxqoyfcpuMc6ZrgxiCCwRLu2zc5qWZcBxVm1KztA4O+gsL/2bdog0l9jLckOe3xHCmlgjntrUyI+bxBMLD/HWtCixV9t4mxlc0KqAZQscEhr9Lj3NV5QvdTTuDXKMizymcVDDTbGY7f+GYyaQAkRUIzewx/OHfykPQu7DB9cp6SdWRYW1ArzIH76D215G4lCgWhUyrSAZ0k9gkBNMqawTsPoDCbTV5bb3+Vw==
解密后 data:  {
  openId: 'o3yoo42saxOs9w6wMClhJQFpRzfE',
  nickName: '弦',
  gender: 2,
  language: 'zh_CN',
  city: 'Fuzhou',
  province: 'Fujian',
  country: 'China',
  avatarUrl: 'https://wx.qlogo.cn/mmopen/vi_32/Q0j4TwGTfTIPAzEIcearzCYYUSXiaLPOdVm1ClgkewjJRrickx7q2rKibQ31EXDzff671EVroCdvETk5wia4qncImA/132',
  unionId: 'onmaV09z1tYeenqhrhxU7ydeDC1A',
  watermark: { timestamp: 1579340837, appid: 'wx2bca6a5670f63aee' }
}
请求参数： [ 'onmaV09z1tYeenqhrhxU7ydeDC1A' ]
ER_DUP_ENTRY: Duplicate entry 'onmaV09z1tYeenqhrhxU7ydeDC1A' for key 'PRIMARY'
{
  code: 'error',
  data: "ER_DUP_ENTRY: Duplicate entry 'onmaV09z1tYeenqhrhxU7ydeDC1A' for key 'PRIMARY'"
}
请求参数： [ 'onmaV0zqVcbRWLuWPylTFqpgbYk8' ]
ER_DUP_ENTRY: Duplicate entry 'onmaV0zqVcbRWLuWPylTFqpgbYk8' for key 'PRIMARY'
{
  code: 'error',
  data: "ER_DUP_ENTRY: Duplicate entry 'onmaV0zqVcbRWLuWPylTFqpgbYk8' for key 'PRIMARY'"
}
请求参数： [ 'onmaV0zqVcbRWLuWPylTFqpgbYk8' ]
ER_DUP_ENTRY: Duplicate entry 'onmaV0zqVcbRWLuWPylTFqpgbYk8' for key 'PRIMARY'
{
  code: 'error',
  data: "ER_DUP_ENTRY: Duplicate entry 'onmaV0zqVcbRWLuWPylTFqpgbYk8' for key 'PRIMARY'"
}
请求参数： [ 'onmaV0zqVcbRWLuWPylTFqpgbYk8' ]
ER_DUP_ENTRY: Duplicate entry 'onmaV0zqVcbRWLuWPylTFqpgbYk8' for key 'PRIMARY'
{
  code: 'error',
  data: "ER_DUP_ENTRY: Duplicate entry 'onmaV0zqVcbRWLuWPylTFqpgbYk8' for key 'PRIMARY'"
}
请求参数： [ 'onmaV0zqVcbRWLuWPylTFqpgbYk8' ]
ER_DUP_ENTRY: Duplicate entry 'onmaV0zqVcbRWLuWPylTFqpgbYk8' for key 'PRIMARY'
{
  code: 'error',
  data: "ER_DUP_ENTRY: Duplicate entry 'onmaV0zqVcbRWLuWPylTFqpgbYk8' for key 'PRIMARY'"
}
{"session_key":"qLnocTLYI2mROvR+EhV6Uw==","openid":"o3yoo42AkF6cJkr1V_gi1mSIXA-s"}
cSHQ/HbXhFlNdaYLK+ulstrohUn/yEheMqIbQdh93eKCYULrujJO+zBqMvfKPEUkgIGYth47cDhfo6YBlo8BBeLgww57jwcmaqNFErxl2/+JTDI7DG+exLPvt2q7Mvrc8iklA9/SjhIxeuBbrAce9Oni8Hzo5KnWXJq/1GuHgtzY1RwVD+ezVHUNJ9lhdntvaghSbag+5ZLOuknWgwEwk9XO2bVhmvqPk6yAfyti8l7wtOZh4Pt6MbvN/p1+cd3tUTw9ccNVHkLSGVz2oRN2DHlh0GIrFFqrlfabdLzVLTDg5DC+kPN5AWS1SjDN5qewqsmvV18o4k8Iua2eWdNJZuD8pL3o5g79q7/ky7ukUcBGghig66co2FdHScsb65X5ezhSGcjAHAvTJNTHt35LgSTn+Dd2Y5JmK2cUvoehiVD5yePFP7GpFPT1D7Vs758BpHREmSkVqo0tOl3Cc3vwhf0UjXEc3Ub+paiEETKC1YBQKA3PrZSW3dcXqoEqFnUrsUlxrEs/iV9FsYlMBp8bVA==
解密后 data:  {
  openId: 'o3yoo42AkF6cJkr1V_gi1mSIXA-s',
  nickName: 'Janesummer',
  gender: 1,
  language: 'zh_CN',
  city: '',
  province: '',
  country: 'Iceland',
  avatarUrl: 'https://wx.qlogo.cn/mmopen/vi_32/Q0j4TwGTfTLiaQ5W1zyuIhaSTkh5kLKo1qvmuE2mXqdbvCqcHArjofcR5XAYQgTqzhwYfDDyicCELmvJQbZKE5oQ/132',
  unionId: 'onmaV07KFbndEt5JwBXCuIlc-cvo',
  watermark: { timestamp: 1579403450, appid: 'wx2bca6a5670f63aee' }
}
请求参数： [ 'onmaV07KFbndEt5JwBXCuIlc-cvo' ]
ER_DUP_ENTRY: Duplicate entry 'onmaV07KFbndEt5JwBXCuIlc-cvo' for key 'PRIMARY'
{
  code: 'error',
  data: "ER_DUP_ENTRY: Duplicate entry 'onmaV07KFbndEt5JwBXCuIlc-cvo' for key 'PRIMARY'"
}
{"session_key":"qLnocTLYI2mROvR+EhV6Uw==","openid":"o3yoo42AkF6cJkr1V_gi1mSIXA-s"}
Bl5jWmyQW1wEzM3XAsrwjsH3RRFYwbxMSIRVnwqidrZd/YpkXBswG+FxCl5f16McFChnrg7Ff4DC1y0BGT9vY0PYNa2cOte93i3unj47FB/btD4JB4dHwroRd1q4wa8oBP5+vu4SyJ77CK49WUoAEB0yg+YpsfYJsxDGRItmf0SIDNeSh8X82A2OyVyWl9R1TJQ0J7/lxxQnzqNFSNh24QQTC2mFTKYnsLjEpB2KpymGRf+/0JEg29hTCRt/KkLapDm16GQdYoT5/buSrs9fNNrqP1fZKAHTPBTtP0RSYo+JWdtS0D8RAck0GPYN+6tZFK0xpM45gQUcJLBw7xPFp47tGItRJw46DQOTq3UnMZ7ZcGL9QibA5Sba9uB6X+PKNz4lb9bTQeowxM+y+SH8OhXGelhm8CyuaMbxX2C6y3VFVCrr8GmoMxGfZJiehkC01eTyB4OuHU8wDCrw7uz5Z01sKM2KnUyPikG29sif82ha5WUkNXl8MEHno68MQEjRkeklIiNPksGZWnJ9s7CqHg==
解密后 data:  {
  openId: 'o3yoo42AkF6cJkr1V_gi1mSIXA-s',
  nickName: 'Janesummer',
  gender: 1,
  language: 'zh_CN',
  city: '',
  province: '',
  country: 'Iceland',
  avatarUrl: 'https://wx.qlogo.cn/mmopen/vi_32/Q0j4TwGTfTLiaQ5W1zyuIhaSTkh5kLKo1qvmuE2mXqdbvCqcHArjofcR5XAYQgTqzhwYfDDyicCELmvJQbZKE5oQ/132',
  unionId: 'onmaV07KFbndEt5JwBXCuIlc-cvo',
  watermark: { timestamp: 1579403482, appid: 'wx2bca6a5670f63aee' }
}
请求参数： [ 'onmaV07KFbndEt5JwBXCuIlc-cvo' ]
ER_DUP_ENTRY: Duplicate entry 'onmaV07KFbndEt5JwBXCuIlc-cvo' for key 'PRIMARY'
{
  code: 'error',
  data: "ER_DUP_ENTRY: Duplicate entry 'onmaV07KFbndEt5JwBXCuIlc-cvo' for key 'PRIMARY'"
}
{"session_key":"AvSkVKRvgbo2IM6VDlI36Q==","openid":"o3yoo42AkF6cJkr1V_gi1mSIXA-s"}
1isGSp4xbwKdCMlw2TddOCb0zl6kKUmMbm0BLbGZqmjTnoB91ux/qijPH270fRvmhpAsiCjACWZ1FxDc7sOiedagj9jeiF/ay379LgeOyE9NR+MW/YuwXvo871RUBxmRIn2IMJWb53Gx1c045WAywReHn3IdKsTzDvYDEiO67iIl/I/+XRSKxXnBvDg7a3UEknFMdqBVnPbA06EWzNFBUWLT2aWfkcwXrMNc5TZW4e3LMPdEzCDBGhbvgEtooxrEgdOlwEcEY+tou7N1+UsPDUBHUZpQWC2MIvR8GvNHElYLtpDZwTObyf86md5bjQs3sIn+ekYd1K0NbWtDEY2p4MvWpxFkmyMHH8WJgwqm4W6yio8RG0+RkkvH0KIxnThpW3AXDd5v5uuhIF2BWOHcS7Z4ft5JTJIuWchaCPUmaV7Pxz8kJMLoOmJv9+NH5hNlOB3ohK1Wqr/y+vUcgvg2Z0R1gV/k41PNTqD0gLBHILTyymG87yUnHsQXEIbFqI1S2bVhiaFH7D/mvHjNb93Zfw==
解密后 data:  {
  openId: 'o3yoo42AkF6cJkr1V_gi1mSIXA-s',
  nickName: 'Janesummer',
  gender: 1,
  language: 'zh_CN',
  city: '',
  province: '',
  country: 'Iceland',
  avatarUrl: 'https://wx.qlogo.cn/mmopen/vi_32/Q0j4TwGTfTLiaQ5W1zyuIhaSTkh5kLKo1qvmuE2mXqdbvCqcHArjofcR5XAYQgTqzhwYfDDyicCELmvJQbZKE5oQ/132',
  unionId: 'onmaV07KFbndEt5JwBXCuIlc-cvo',
  watermark: { timestamp: 1579403662, appid: 'wx2bca6a5670f63aee' }
}
请求参数： [ 'onmaV07KFbndEt5JwBXCuIlc-cvo' ]
ER_DUP_ENTRY: Duplicate entry 'onmaV07KFbndEt5JwBXCuIlc-cvo' for key 'PRIMARY'
{
  code: 'error',
  data: "ER_DUP_ENTRY: Duplicate entry 'onmaV07KFbndEt5JwBXCuIlc-cvo' for key 'PRIMARY'"
}
{"session_key":"AvSkVKRvgbo2IM6VDlI36Q==","openid":"o3yoo42AkF6cJkr1V_gi1mSIXA-s"}
Rb+fMJ7TNR1nvgN/3I0/tWA5KhayT/j9TQsywQ3FBVeem7h/7iRa/Al/pUcKB8ThJeht4tDDI8F8v2iUpPyZuV4wTqdRJpzZjq6jH6GREqDwX0PGXtJUdWaR1PtHJMculPu6xIa6+XOoJB7ZZiSzn14ry7E7FaFLBZQ06QXaCD+fI7FQYBQGHXqGRa3keprkdRPG7qUGHEd7zqLMXb9lCFAGQ07gAtFr/aLIG3hDynjQlKaIIFz/G03LvhC/NvHjV6b1AKQESQLA1uxkv+X+yFKJKN+BnqLP0d7HN33NgpBlnLkvgve6qXZhIPhER8xe4FLRPMJ2yFyQXcd8QDYLoJXhm4cnfSsJBmemNLiFMyD8BEV083La9NmDGWt1mJoR2mUC5CM48pMWpXFawoeATMHEnnnpiXOfm06bGHT3KpxEZpsUt43jqDVdZEthn1ipREJ3xAvVPs9MeJhNtl577jXt8mvUO8YmKwhsNGFWEpp145srX4UosVT8pYOkuqEeGW3ALtusiJuDnSv3mmerww==
解密后 data:  {
  openId: 'o3yoo42AkF6cJkr1V_gi1mSIXA-s',
  nickName: 'Janesummer',
  gender: 1,
  language: 'zh_CN',
  city: '',
  province: '',
  country: 'Iceland',
  avatarUrl: 'https://wx.qlogo.cn/mmopen/vi_32/Q0j4TwGTfTLiaQ5W1zyuIhaSTkh5kLKo1qvmuE2mXqdbvCqcHArjofcR5XAYQgTqzhwYfDDyicCELmvJQbZKE5oQ/132',
  unionId: 'onmaV07KFbndEt5JwBXCuIlc-cvo',
  watermark: { timestamp: 1579403736, appid: 'wx2bca6a5670f63aee' }
}
请求参数： [ 'onmaV07KFbndEt5JwBXCuIlc-cvo' ]
ER_DUP_ENTRY: Duplicate entry 'onmaV07KFbndEt5JwBXCuIlc-cvo' for key 'PRIMARY'
{
  code: 'error',
  data: "ER_DUP_ENTRY: Duplicate entry 'onmaV07KFbndEt5JwBXCuIlc-cvo' for key 'PRIMARY'"
}

> qzapi@1.0.0 start /home/janesummer/myshare/sincere-hire-back-end
> node ./module/app.js

开启成功：http://localhost:8888
